/home/leonamramosfoli/wms-teste/wms-backend/node_modules/@prisma/client/src/runtime/getPrismaClient.ts:336
        throw new PrismaClientInitializationError(
              ^


PrismaClientInitializationError: `PrismaClient` needs to be constructed with a non-empty, valid `PrismaClientOptions`:

```
new PrismaClient({
  ...
})
```

or

```
constructor() {
  super({ ... });
}
```
          
    at new t (/home/leonamramosfoli/wms-teste/wms-backend/node_modules/@prisma/client/src/runtime/getPrismaClient.ts:336:15)
    at express (/home/leonamramosfoli/wms-teste/wms-backend/src/server.ts:7:16)
    at Object.<anonymous> (/home/leonamramosfoli/wms-teste/wms-backend/src/server.ts:43:2)
    at Module._compile (node:internal/modules/cjs/loader:1521:14)
    at Object.transformer (/home/leonamramosfoli/wms-teste/wms-backend/node_modules/tsx/dist/register-D46fvsV_.cjs:3:1104)
    at Module.load (node:internal/modules/cjs/loader:1266:32)
    at Module._load (node:internal/modules/cjs/loader:1091:12)
    at cjsLoader (node:internal/modules/esm/translators:298:15)
    at ModuleWrap.<anonymous> (node:internal/modules/esm/translators:240:7)
    at ModuleJob.run (node:internal/modules/esm/module_job:325:25) {
  clientVersion: '7.8.0',
  errorCode: undefined,
  retryable: undefined
}

Node.js v20.20.0
